c:\users\xavi\documents\github\ia\sdl_steering_behaviors\sdl_steering_behaviors\debug\vc142.pdb
c:\users\xavi\documents\github\ia\sdl_steering_behaviors\sdl_steering_behaviors\debug\vc142.idb
c:\users\xavi\documents\github\ia\sdl_steering_behaviors\sdl_steering_behaviors\debug\utils .obj
c:\users\xavi\documents\github\ia\sdl_steering_behaviors\sdl_steering_behaviors\debug\seek.obj
c:\users\xavi\documents\github\ia\sdl_steering_behaviors\sdl_steering_behaviors\debug\sdl_simpleapp.obj
c:\users\xavi\documents\github\ia\sdl_steering_behaviors\sdl_steering_behaviors\debug\sceneseek.obj
c:\users\xavi\documents\github\ia\sdl_steering_behaviors\sdl_steering_behaviors\debug\sceneseekflee.obj
c:\users\xavi\documents\github\ia\sdl_steering_behaviors\sdl_steering_behaviors\debug\sceneflee.obj
c:\users\xavi\documents\github\ia\sdl_steering_behaviors\sdl_steering_behaviors\debug\main.obj
c:\users\xavi\documents\github\ia\sdl_steering_behaviors\sdl_steering_behaviors\debug\flee.obj
c:\users\xavi\documents\github\ia\sdl_steering_behaviors\sdl_steering_behaviors\debug\agent.obj
c:\users\xavi\documents\github\ia\bin\sdl_steering_behaviors.exe
c:\users\xavi\documents\github\ia\sdl_steering_behaviors\sdl_steering_behaviors\debug\sdl_steering_behaviors.ilk
c:\users\xavi\documents\github\ia\bin\sdl_steering_behaviors.pdb
c:\users\xavi\documents\github\ia\\bin\sdl_steering_behaviors.pdb
c:\users\xavi\documents\github\ia\sdl_steering_behaviors\sdl_steering_behaviors\debug\sdl_stee.48d8afb0.tlog\cl.command.1.tlog
c:\users\xavi\documents\github\ia\sdl_steering_behaviors\sdl_steering_behaviors\debug\sdl_stee.48d8afb0.tlog\cl.read.1.tlog
c:\users\xavi\documents\github\ia\sdl_steering_behaviors\sdl_steering_behaviors\debug\sdl_stee.48d8afb0.tlog\cl.write.1.tlog
c:\users\xavi\documents\github\ia\sdl_steering_behaviors\sdl_steering_behaviors\debug\sdl_stee.48d8afb0.tlog\link.command.1.tlog
c:\users\xavi\documents\github\ia\sdl_steering_behaviors\sdl_steering_behaviors\debug\sdl_stee.48d8afb0.tlog\link.read.1.tlog
c:\users\xavi\documents\github\ia\sdl_steering_behaviors\sdl_steering_behaviors\debug\sdl_stee.48d8afb0.tlog\link.write.1.tlog
